<?xml version="1.0" encoding="UTF-8"?>
<testng-results skipped="0" failed="0" ignored="0" total="1" passed="1">
  <reporter-output>
  </reporter-output>
  <suite name="Default suite" duration-ms="7316" started-at="2019-06-26T13:20:19Z" finished-at="2019-06-26T13:20:26Z">
    <groups>
    </groups>
    <test name="Default test" duration-ms="7316" started-at="2019-06-26T13:20:19Z" finished-at="2019-06-26T13:20:26Z">
      <class name="com.tests.NewTest">
        <test-method status="PASS" signature="setup()[pri:0, instance:com.tests.NewTest@527740a2]" name="setup" is-config="true" duration-ms="6657" started-at="2019-06-26T18:50:19Z" finished-at="2019-06-26T18:50:25Z">
          <reporter-output>
          </reporter-output>
        </test-method> <!-- setup -->
        <test-method status="PASS" signature="freeCrmTitleTest()[pri:1, instance:com.tests.NewTest@527740a2]" name="freeCrmTitleTest" duration-ms="18" started-at="2019-06-26T18:50:25Z" finished-at="2019-06-26T18:50:25Z">
          <reporter-output>
          </reporter-output>
        </test-method> <!-- freeCrmTitleTest -->
        <test-method status="PASS" signature="tearDown()[pri:0, instance:com.tests.NewTest@527740a2]" name="tearDown" is-config="true" duration-ms="623" started-at="2019-06-26T18:50:25Z" finished-at="2019-06-26T18:50:26Z">
          <reporter-output>
          </reporter-output>
        </test-method> <!-- tearDown -->
      </class> <!-- com.tests.NewTest -->
    </test> <!-- Default test -->
  </suite> <!-- Default suite -->
</testng-results>
